[1/11] cl /c /Zp8 /GR /W3 /EHs /nologo /MD /D_CRT_SECURE_NO_DEPRECATE /D_SCL_SECURE_NO_DEPRECATE /D_SECURE_SCL=0   /DMATLAB_MEX_FILE  /DMATLAB_MEX_FILE /O2 /Oy- /DNDEBUG /fp:strict /utf-8 /I "." /I "C:\Users\mateo\OneDrive\Documents\Mateo\Project PAC\Code\CUDA" /I ".\interface" /I "C:\Program Files\MATLAB\R2022a\extern\include" /I "." -DMW_CUDA_ARCH=350 -DMODEL=expectation_mex -DMW_NEEDS_VERSION_H   interface\_coder_expectation_info.cpp /Fobuild\win64\_coder_expectation_info.obj
_coder_expectation_info.cpp
[2/11] nvcc -c -rdc=true -Wno-deprecated-gpu-targets -Xcompiler "/wd 4819" -Xcompiler "/MD" -Xcudafe "--display_error_number --diag_suppress=2381 --diag_suppress=unsigned_compare_with_zero --diag_suppress=useless_type_qualifier_on_return_type" -D_GNU_SOURCE -DMATLAB_MEX_FILE --no-exceptions -Xcompiler "/EHa" -Xcompiler "/utf-8" -I "." -I "C:\Users\mateo\OneDrive\Documents\Mateo\Project PAC\Code\CUDA" -I ".\interface" -I "C:\Program Files\MATLAB\R2022a\extern\include" -I "." -DMW_CUDA_ARCH=350 -DMODEL=expectation_mex -DMW_NEEDS_VERSION_H  -arch sm_35  -I "C:\Program Files\MATLAB\R2022a/simulink/include" -I "C:\Program Files\MATLAB\R2022a/toolbox/shared/simtargets" cpp_mexapi_version.cpp -o build\win64\cpp_mexapi_version.obj
cpp_mexapi_version.cpp
[3/11] nvcc -c -rdc=true -Wno-deprecated-gpu-targets -Xcompiler "/wd 4819" -Xcompiler "/MD" -Xcudafe "--display_error_number --diag_suppress=2381 --diag_suppress=unsigned_compare_with_zero --diag_suppress=useless_type_qualifier_on_return_type" -D_GNU_SOURCE -DMATLAB_MEX_FILE --no-exceptions -Xcompiler "/EHa" -Xcompiler "/utf-8" -I "." -I "C:\Users\mateo\OneDrive\Documents\Mateo\Project PAC\Code\CUDA" -I ".\interface" -I "C:\Program Files\MATLAB\R2022a\extern\include" -I "." -DMW_CUDA_ARCH=350 -DMODEL=expectation_mex -DMW_NEEDS_VERSION_H  -arch sm_35  -I "C:\Program Files\MATLAB\R2022a/simulink/include" -I "C:\Program Files\MATLAB\R2022a/toolbox/shared/simtargets" expectation_data.cu -o build\win64\expectation_data.obj
expectation_data.cu
[4/11] nvcc -c -rdc=true -Wno-deprecated-gpu-targets -Xcompiler "/wd 4819" -Xcompiler "/MD" -Xcudafe "--display_error_number --diag_suppress=2381 --diag_suppress=unsigned_compare_with_zero --diag_suppress=useless_type_qualifier_on_return_type" -D_GNU_SOURCE -DMATLAB_MEX_FILE --no-exceptions -Xcompiler "/EHa" -Xcompiler "/utf-8" -I "." -I "C:\Users\mateo\OneDrive\Documents\Mateo\Project PAC\Code\CUDA" -I ".\interface" -I "C:\Program Files\MATLAB\R2022a\extern\include" -I "." -DMW_CUDA_ARCH=350 -DMODEL=expectation_mex -DMW_NEEDS_VERSION_H  -arch sm_35  -I "C:\Program Files\MATLAB\R2022a/simulink/include" -I "C:\Program Files\MATLAB\R2022a/toolbox/shared/simtargets" expectation_initialize.cu -o build\win64\expectation_initialize.obj
expectation_initialize.cu
[5/11] nvcc -c -rdc=true -Wno-deprecated-gpu-targets -Xcompiler "/wd 4819" -Xcompiler "/MD" -Xcudafe "--display_error_number --diag_suppress=2381 --diag_suppress=unsigned_compare_with_zero --diag_suppress=useless_type_qualifier_on_return_type" -D_GNU_SOURCE -DMATLAB_MEX_FILE --no-exceptions -Xcompiler "/EHa" -Xcompiler "/utf-8" -I "." -I "C:\Users\mateo\OneDrive\Documents\Mateo\Project PAC\Code\CUDA" -I ".\interface" -I "C:\Program Files\MATLAB\R2022a\extern\include" -I "." -DMW_CUDA_ARCH=350 -DMODEL=expectation_mex -DMW_NEEDS_VERSION_H  -arch sm_35  -I "C:\Program Files\MATLAB\R2022a/simulink/include" -I "C:\Program Files\MATLAB\R2022a/toolbox/shared/simtargets" rt_nonfinite.cu -o build\win64\rt_nonfinite.obj
rt_nonfinite.cu
[6/11] nvcc -c -rdc=true -Wno-deprecated-gpu-targets -Xcompiler "/wd 4819" -Xcompiler "/MD" -Xcudafe "--display_error_number --diag_suppress=2381 --diag_suppress=unsigned_compare_with_zero --diag_suppress=useless_type_qualifier_on_return_type" -D_GNU_SOURCE -DMATLAB_MEX_FILE --no-exceptions -Xcompiler "/EHa" -Xcompiler "/utf-8" -I "." -I "C:\Users\mateo\OneDrive\Documents\Mateo\Project PAC\Code\CUDA" -I ".\interface" -I "C:\Program Files\MATLAB\R2022a\extern\include" -I "." -DMW_CUDA_ARCH=350 -DMODEL=expectation_mex -DMW_NEEDS_VERSION_H  -arch sm_35  -I "C:\Program Files\MATLAB\R2022a/simulink/include" -I "C:\Program Files\MATLAB\R2022a/toolbox/shared/simtargets" expectation_terminate.cu -o build\win64\expectation_terminate.obj
expectation_terminate.cu
[7/11] nvcc -c -rdc=true -Wno-deprecated-gpu-targets -Xcompiler "/wd 4819" -Xcompiler "/MD" -Xcudafe "--display_error_number --diag_suppress=2381 --diag_suppress=unsigned_compare_with_zero --diag_suppress=useless_type_qualifier_on_return_type" -D_GNU_SOURCE -DMATLAB_MEX_FILE --no-exceptions -Xcompiler "/EHa" -Xcompiler "/utf-8" -I "." -I "C:\Users\mateo\OneDrive\Documents\Mateo\Project PAC\Code\CUDA" -I ".\interface" -I "C:\Program Files\MATLAB\R2022a\extern\include" -I "." -DMW_CUDA_ARCH=350 -DMODEL=expectation_mex -DMW_NEEDS_VERSION_H  -arch sm_35  -I "C:\Program Files\MATLAB\R2022a/simulink/include" -I "C:\Program Files\MATLAB\R2022a/toolbox/shared/simtargets" interface\_coder_expectation_api.cu -o build\win64\_coder_expectation_api.obj
_coder_expectation_api.cu
[8/11] nvcc -c -rdc=true -Wno-deprecated-gpu-targets -Xcompiler "/wd 4819" -Xcompiler "/MD" -Xcudafe "--display_error_number --diag_suppress=2381 --diag_suppress=unsigned_compare_with_zero --diag_suppress=useless_type_qualifier_on_return_type" -D_GNU_SOURCE -DMATLAB_MEX_FILE --no-exceptions -Xcompiler "/EHa" -Xcompiler "/utf-8" -I "." -I "C:\Users\mateo\OneDrive\Documents\Mateo\Project PAC\Code\CUDA" -I ".\interface" -I "C:\Program Files\MATLAB\R2022a\extern\include" -I "." -DMW_CUDA_ARCH=350 -DMODEL=expectation_mex -DMW_NEEDS_VERSION_H  -arch sm_35  -I "C:\Program Files\MATLAB\R2022a/simulink/include" -I "C:\Program Files\MATLAB\R2022a/toolbox/shared/simtargets" expectation.cu -o build\win64\expectation.obj
expectation.cu
[9/11] nvcc -c -rdc=true -Wno-deprecated-gpu-targets -Xcompiler "/wd 4819" -Xcompiler "/MD" -Xcudafe "--display_error_number --diag_suppress=2381 --diag_suppress=unsigned_compare_with_zero --diag_suppress=useless_type_qualifier_on_return_type" -D_GNU_SOURCE -DMATLAB_MEX_FILE --no-exceptions -Xcompiler "/EHa" -Xcompiler "/utf-8" -I "." -I "C:\Users\mateo\OneDrive\Documents\Mateo\Project PAC\Code\CUDA" -I ".\interface" -I "C:\Program Files\MATLAB\R2022a\extern\include" -I "." -DMW_CUDA_ARCH=350 -DMODEL=expectation_mex -DMW_NEEDS_VERSION_H  -arch sm_35  -I "C:\Program Files\MATLAB\R2022a/simulink/include" -I "C:\Program Files\MATLAB\R2022a/toolbox/shared/simtargets" expectation_emxutil.cu -o build\win64\expectation_emxutil.obj
expectation_emxutil.cu
[10/11] nvcc -c -rdc=true -Wno-deprecated-gpu-targets -Xcompiler "/wd 4819" -Xcompiler "/MD" -Xcudafe "--display_error_number --diag_suppress=2381 --diag_suppress=unsigned_compare_with_zero --diag_suppress=useless_type_qualifier_on_return_type" -D_GNU_SOURCE -DMATLAB_MEX_FILE --no-exceptions -Xcompiler "/EHa" -Xcompiler "/utf-8" -I "." -I "C:\Users\mateo\OneDrive\Documents\Mateo\Project PAC\Code\CUDA" -I ".\interface" -I "C:\Program Files\MATLAB\R2022a\extern\include" -I "." -DMW_CUDA_ARCH=350 -DMODEL=expectation_mex -DMW_NEEDS_VERSION_H  -arch sm_35  -I "C:\Program Files\MATLAB\R2022a/simulink/include" -I "C:\Program Files\MATLAB\R2022a/toolbox/shared/simtargets" interface\_coder_expectation_mex.cu -o build\win64\_coder_expectation_mex.obj
_coder_expectation_mex.cu
[11/11] nvcc -Xlinker /nologo -Xlinker /manifest -Xlinker /DLL -L"C:\Program Files\MATLAB\R2022a\extern\lib\win64\microsoft" libmx.lib libmex.lib libmat.lib kernel32.lib user32.lib gdi32.lib winspool.lib comdlg32.lib advapi32.lib shell32.lib ole32.lib oleaut32.lib uuid.lib odbc32.lib odbccp32.lib libMatlabDataArray.lib libMatlabEngine.lib   libemlrt.lib libcovrt.lib libut.lib libmwmathutil.lib -arch sm_35  -L"C:\Program Files\NVIDIA GPU Computing Toolkit\CUDA\v11.6\lib\x64" cudart.lib cublas.lib cusolver.lib cufft.lib curand.lib cusparse.lib -Xnvlink -w  -Wno-deprecated-gpu-targets -Xlinker /NODEFAULTLIB:libcmt.lib -o expectation_mex.mexw64 build\win64\expectation_data.obj build\win64\rt_nonfinite.obj build\win64\expectation_initialize.obj build\win64\expectation_terminate.obj build\win64\expectation.obj build\win64\_coder_expectation_api.obj build\win64\_coder_expectation_mex.obj build\win64\expectation_emxutil.obj build\win64\_coder_expectation_info.obj build\win64\cpp_mexapi_version.obj
libmx.lib
libmex.lib
libmat.lib
kernel32.lib
user32.lib
gdi32.lib
winspool.lib
comdlg32.lib
advapi32.lib
shell32.lib
ole32.lib
oleaut32.lib
uuid.lib
odbc32.lib
odbccp32.lib
libMatlabDataArray.lib
libMatlabEngine.lib
libemlrt.lib
libcovrt.lib
libut.lib
libmwmathutil.lib
cudart.lib
cublas.lib
cusolver.lib
cufft.lib
curand.lib
cusparse.lib
expectation_data.obj
rt_nonfinite.obj
expectation_initialize.obj
expectation_terminate.obj
expectation.obj
_coder_expectation_api.obj
_coder_expectation_mex.obj
expectation_emxutil.obj
_coder_expectation_info.obj
cpp_mexapi_version.obj
   Creating library expectation_mex.lib and object expectation_mex.exp
